#
# There is insufficient memory for the Java Runtime Environment to continue.
# Native memory allocation (malloc) failed to allocate 306896 bytes for Chunk::new
# Possible reasons:
#   The system is out of physical RAM or swap space
#   In 32 bit mode, the process size limit was hit
# Possible solutions:
#   Reduce memory load on the system
#   Increase physical memory or swap space
#   Check if swap backing store is full
#   Use 64 bit Java on a 64 bit OS
#   Decrease Java heap size (-Xmx/-Xms)
#   Decrease number of Java threads
#   Decrease Java thread stack sizes (-Xss)
#   Set larger code cache with -XX:ReservedCodeCacheSize=
# This output file may be truncated or incomplete.
#
#  Out of Memory Error (allocation.cpp:390), pid=9432, tid=0x0000000000004334
#
# JRE version: Java(TM) SE Runtime Environment (8.0_181-b13) (build 1.8.0_181-b13)
# Java VM: Java HotSpot(TM) 64-Bit Server VM (25.181-b13 mixed mode windows-amd64 compressed oops)
# Failed to write core dump. Minidumps are not enabled by default on client versions of Windows
#

---------------  T H R E A D  ---------------

Current thread (0x000000001f92a000):  JavaThread "C2 CompilerThread0" daemon [_thread_in_native, id=17204, stack(0x0000000020080000,0x0000000020180000)]

Stack: [0x0000000020080000,0x0000000020180000]
[error occurred during error reporting (printing stack bounds), id 0xc0000005]

Native frames: (J=compiled Java code, j=interpreted, Vv=VM code, C=native code)


Current CompileTask:
C2:83783924 6653       4       org.springframework.core.ResolvableType::equals (157 bytes)


---------------  P R O C E S S  ---------------

Java Threads: ( => current thread )
  0x0000000027163800 JavaThread "AsyncResolver-bootstrap-executor-0" daemon [_thread_blocked, id=17876, stack(0x000000002a900000,0x000000002aa00000)]
  0x0000000027168000 JavaThread "DiscoveryClient-2" daemon [_thread_blocked, id=9864, stack(0x000000002a800000,0x000000002a900000)]
  0x0000000027166800 JavaThread "DiscoveryClient-HeartbeatExecutor-0" daemon [_thread_blocked, id=16100, stack(0x000000002a700000,0x000000002a800000)]
  0x0000000027169800 JavaThread "DiscoveryClient-CacheRefreshExecutor-0" daemon [_thread_blocked, id=15840, stack(0x000000002a600000,0x000000002a700000)]
  0x0000000027169000 JavaThread "DestroyJavaVM" [_thread_blocked, id=5708, stack(0x0000000002ae0000,0x0000000002be0000)]
  0x0000000027167800 JavaThread "http-nio-8084-AsyncTimeout" daemon [_thread_blocked, id=908, stack(0x000000002a400000,0x000000002a500000)]
  0x0000000027166000 JavaThread "http-nio-8084-Acceptor-0" daemon [_thread_in_native, id=11416, stack(0x000000002a300000,0x000000002a400000)]
  0x0000000027164800 JavaThread "http-nio-8084-ClientPoller-1" daemon [_thread_in_native, id=13288, stack(0x000000002a200000,0x000000002a300000)]
  0x000000002715b800 JavaThread "http-nio-8084-ClientPoller-0" daemon [_thread_in_native, id=5244, stack(0x000000002a100000,0x000000002a200000)]
  0x0000000027162000 JavaThread "http-nio-8084-exec-10" daemon [_thread_blocked, id=4896, stack(0x000000002a000000,0x000000002a100000)]
  0x0000000027161800 JavaThread "http-nio-8084-exec-9" daemon [_thread_blocked, id=14352, stack(0x0000000029f00000,0x000000002a000000)]
  0x000000002715a800 JavaThread "http-nio-8084-exec-8" daemon [_thread_blocked, id=15128, stack(0x0000000029e00000,0x0000000029f00000)]
  0x0000000027160000 JavaThread "http-nio-8084-exec-7" daemon [_thread_blocked, id=1164, stack(0x0000000029d00000,0x0000000029e00000)]
  0x000000002715f000 JavaThread "http-nio-8084-exec-6" daemon [_thread_blocked, id=7208, stack(0x0000000029c00000,0x0000000029d00000)]
  0x000000002715e800 JavaThread "http-nio-8084-exec-5" daemon [_thread_blocked, id=16556, stack(0x0000000029b00000,0x0000000029c00000)]
  0x0000000027160800 JavaThread "http-nio-8084-exec-4" daemon [_thread_blocked, id=15952, stack(0x0000000029a00000,0x0000000029b00000)]
  0x000000002715c000 JavaThread "http-nio-8084-exec-3" daemon [_thread_blocked, id=15948, stack(0x0000000029900000,0x0000000029a00000)]
  0x000000002715d800 JavaThread "http-nio-8084-exec-2" daemon [_thread_blocked, id=15788, stack(0x0000000029800000,0x0000000029900000)]
  0x000000002715d000 JavaThread "http-nio-8084-exec-1" daemon [_thread_blocked, id=8524, stack(0x0000000029700000,0x0000000029800000)]
  0x0000000024498000 JavaThread "NioBlockingSelector.BlockPoller-1" daemon [_thread_in_native, id=672, stack(0x0000000029600000,0x0000000029700000)]
  0x0000000024497000 JavaThread "DiscoveryClient-InstanceInfoReplicator-0" daemon [_thread_blocked, id=16852, stack(0x00000000290b0000,0x00000000291b0000)]
  0x0000000024495800 JavaThread "DiscoveryClient-1" daemon [_thread_blocked, id=15872, stack(0x0000000028fb0000,0x00000000290b0000)]
  0x0000000024494800 JavaThread "DiscoveryClient-0" daemon [_thread_blocked, id=15812, stack(0x0000000028eb0000,0x0000000028fb0000)]
  0x000000002449b000 JavaThread "AsyncResolver-bootstrap-0" daemon [_thread_blocked, id=2864, stack(0x00000000268a0000,0x00000000269a0000)]
  0x0000000024494000 JavaThread "Eureka-JerseyClient-Conn-Cleaner2" daemon [_thread_blocked, id=2200, stack(0x00000000267a0000,0x00000000268a0000)]
  0x000000002449a000 JavaThread "Eureka-JerseyClient-Conn-Cleaner2" daemon [_thread_blocked, id=4024, stack(0x00000000266a0000,0x00000000267a0000)]
  0x0000000022034800 JavaThread "spring.cloud.inetutils" daemon [_thread_blocked, id=8532, stack(0x00000000261a0000,0x00000000262a0000)]
  0x0000000024b18000 JavaThread "container-0" [_thread_blocked, id=1536, stack(0x00000000260a0000,0x00000000261a0000)]
  0x0000000020742000 JavaThread "ContainerBackgroundProcessor[StandardEngine[Tomcat]]" daemon [_thread_blocked, id=3768, stack(0x0000000025fa0000,0x00000000260a0000)]
  0x000000001fa2c800 JavaThread "Service Thread" daemon [_thread_blocked, id=3992, stack(0x0000000020480000,0x0000000020580000)]
  0x000000001f968000 JavaThread "C1 CompilerThread3" daemon [_thread_blocked, id=7740, stack(0x0000000020380000,0x0000000020480000)]
  0x000000001f961800 JavaThread "C2 CompilerThread2" daemon [_thread_blocked, id=10552, stack(0x0000000020280000,0x0000000020380000)]
  0x000000001f92a800 JavaThread "C2 CompilerThread1" daemon [_thread_blocked, id=3124, stack(0x0000000020180000,0x0000000020280000)]
=>0x000000001f92a000 JavaThread "C2 CompilerThread0" daemon [_thread_in_native, id=17204, stack(0x0000000020080000,0x0000000020180000)]
  0x000000001f955000 JavaThread "Monitor Ctrl-Break" daemon [_thread_in_native, id=9068, stack(0x000000001ff80000,0x0000000020080000)]
  0x000000001e1e8000 JavaThread "Attach Listener" daemon [_thread_blocked, id=10360, stack(0x000000001f680000,0x000000001f780000)]
  0x000000001e242000 JavaThread "Signal Dispatcher" daemon [_thread_blocked, id=8436, stack(0x000000001f580000,0x000000001f680000)]
  0x000000001e1c3800 JavaThread "Finalizer" daemon [_thread_blocked, id=17400, stack(0x000000001f420000,0x000000001f520000)]
  0x000000001cafe000 JavaThread "Reference Handler" daemon [_thread_blocked, id=15508, stack(0x000000001f320000,0x000000001f420000)]

Other Threads:
  0x000000001e1a1800 VMThread [stack: 0x000000001f220000,0x000000001f320000] [id=12916]
  0x000000001fa79800 WatcherThread [stack: 0x0000000020580000,0x0000000020680000] [id=15096]

VM state:not at safepoint (normal execution)

VM Mutex/Monitor currently owned by a thread: None

Heap:
 PSYoungGen      total 213504K, used 108425K [0x000000076b180000, 0x0000000779a80000, 0x00000007c0000000)
  eden space 201728K, 47% used [0x000000076b180000,0x0000000770ff5168,0x0000000777680000)
  from space 11776K, 99% used [0x0000000777c00000,0x000000077876d4b8,0x0000000778780000)
  to   space 18432K, 0% used [0x0000000778880000,0x0000000778880000,0x0000000779a80000)
 ParOldGen       total 169984K, used 24151K [0x00000006c1400000, 0x00000006cba00000, 0x000000076b180000)
  object space 169984K, 14% used [0x00000006c1400000,0x00000006c2b95da0,0x00000006cba00000)
 Metaspace       used 44296K, capacity 44766K, committed 45312K, reserved 1089536K
  class space    used 5453K, capacity 5605K, committed 5632K, reserved 1048576K

Card table byte_map: [0x0000000012260000,0x0000000012a60000] byte_map_base: 0x000000000ec56000

Marking Bits: (ParMarkBitMap*) 0x0000000076ff2d00
 Begin Bits: [0x00000000139b0000, 0x0000000017960000)
 End Bits:   [0x0000000017960000, 0x000000001b910000)

Polling page: 0x0000000000cc0000

CodeCache: size=245760Kb used=20178Kb max_used=20197Kb free=225581Kb
 bounds [0x0000000002ea0000, 0x0000000004290000, 0x0000000011ea0000]
 total_blobs=5993 nmethods=5522 adapters=383
 compilation: enabled

Compilation events (10 events):
Event: 82938.444 Thread 0x000000001f92a000 nmethod 6648 0x0000000003d0d910 code [0x0000000003d0daa0, 0x0000000003d0de28]
Event: 83120.211 Thread 0x000000001f92a800 6649       4       java.lang.Throwable::<init> (34 bytes)
Event: 83120.214 Thread 0x000000001f92a800 nmethod 6649 0x0000000003d0d650 code [0x0000000003d0d7a0, 0x0000000003d0d878]
Event: 83172.782 Thread 0x000000001f968000 6650       3       java.text.DecimalFormat::append (94 bytes)
Event: 83172.784 Thread 0x000000001f968000 nmethod 6650 0x0000000003700e90 code [0x0000000003701040, 0x0000000003701b68]
Event: 83270.382 Thread 0x000000001f961800 6651       4       java.lang.Long::getChars (221 bytes)
Event: 83270.394 Thread 0x000000001f961800 nmethod 6651 0x00000000034a3410 code [0x00000000034a3560, 0x00000000034a3f38]
Event: 83772.801 Thread 0x000000001f968000 6652       3       java.util.GregorianCalendar::computeFields (1571 bytes)
Event: 83772.805 Thread 0x000000001f968000 nmethod 6652 0x000000000427bd90 code [0x000000000427c480, 0x0000000004282968]
Event: 83778.821 Thread 0x000000001f92a000 6653       4       org.springframework.core.ResolvableType::equals (157 bytes)

GC Heap History (10 events):
Event: 5.055 GC heap before
{Heap before GC invocations=7 (full 1):
 PSYoungGen      total 134656K, used 128316K [0x000000076b180000, 0x0000000775a80000, 0x00000007c0000000)
  eden space 123904K, 100% used [0x000000076b180000,0x0000000772a80000,0x0000000772a80000)
  from space 10752K, 41% used [0x0000000772a80000,0x0000000772ecf208,0x0000000773500000)
  to   space 13824K, 0% used [0x0000000774d00000,0x0000000774d00000,0x0000000775a80000)
 ParOldGen       total 105984K, used 11029K [0x00000006c1400000, 0x00000006c7b80000, 0x000000076b180000)
  object space 105984K, 10% used [0x00000006c1400000,0x00000006c1ec56a8,0x00000006c7b80000)
 Metaspace       used 27963K, capacity 28322K, committed 28672K, reserved 1075200K
  class space    used 3473K, capacity 3576K, committed 3584K, reserved 1048576K
Event: 5.060 GC heap after
Heap after GC invocations=7 (full 1):
 PSYoungGen      total 159232K, used 8342K [0x000000076b180000, 0x0000000777f00000, 0x00000007c0000000)
  eden space 145408K, 0% used [0x000000076b180000,0x000000076b180000,0x0000000773f80000)
  from space 13824K, 60% used [0x0000000774d00000,0x0000000775525b30,0x0000000775a80000)
  to   space 13824K, 0% used [0x0000000773f80000,0x0000000773f80000,0x0000000774d00000)
 ParOldGen       total 105984K, used 11037K [0x00000006c1400000, 0x00000006c7b80000, 0x000000076b180000)
  object space 105984K, 10% used [0x00000006c1400000,0x00000006c1ec76a8,0x00000006c7b80000)
 Metaspace       used 27963K, capacity 28322K, committed 28672K, reserved 1075200K
  class space    used 3473K, capacity 3576K, committed 3584K, reserved 1048576K
}
Event: 6.681 GC heap before
{Heap before GC invocations=8 (full 1):
 PSYoungGen      total 159232K, used 153750K [0x000000076b180000, 0x0000000777f00000, 0x00000007c0000000)
  eden space 145408K, 100% used [0x000000076b180000,0x0000000773f80000,0x0000000773f80000)
  from space 13824K, 60% used [0x0000000774d00000,0x0000000775525b30,0x0000000775a80000)
  to   space 13824K, 0% used [0x0000000773f80000,0x0000000773f80000,0x0000000774d00000)
 ParOldGen       total 105984K, used 11037K [0x00000006c1400000, 0x00000006c7b80000, 0x000000076b180000)
  object space 105984K, 10% used [0x00000006c1400000,0x00000006c1ec76a8,0x00000006c7b80000)
 Metaspace       used 31630K, capacity 32010K, committed 32512K, reserved 1077248K
  class space    used 3905K, capacity 4004K, committed 4096K, reserved 1048576K
Event: 6.687 GC heap after
Heap after GC invocations=8 (full 1):
 PSYoungGen      total 159232K, used 13413K [0x000000076b180000, 0x0000000779d80000, 0x00000007c0000000)
  eden space 145408K, 0% used [0x000000076b180000,0x000000076b180000,0x0000000773f80000)
  from space 13824K, 97% used [0x0000000773f80000,0x0000000774c99630,0x0000000774d00000)
  to   space 15872K, 0% used [0x0000000778e00000,0x0000000778e00000,0x0000000779d80000)
 ParOldGen       total 105984K, used 11045K [0x00000006c1400000, 0x00000006c7b80000, 0x000000076b180000)
  object space 105984K, 10% used [0x00000006c1400000,0x00000006c1ec96a8,0x00000006c7b80000)
 Metaspace       used 31630K, capacity 32010K, committed 32512K, reserved 1077248K
  class space    used 3905K, capacity 4004K, committed 4096K, reserved 1048576K
}
Event: 7.184 GC heap before
{Heap before GC invocations=9 (full 1):
 PSYoungGen      total 159232K, used 151013K [0x000000076b180000, 0x0000000779d80000, 0x00000007c0000000)
  eden space 145408K, 94% used [0x000000076b180000,0x00000007737dfef0,0x0000000773f80000)
  from space 13824K, 97% used [0x0000000773f80000,0x0000000774c99630,0x0000000774d00000)
  to   space 15872K, 0% used [0x0000000778e00000,0x0000000778e00000,0x0000000779d80000)
 ParOldGen       total 105984K, used 11045K [0x00000006c1400000, 0x00000006c7b80000, 0x000000076b180000)
  object space 105984K, 10% used [0x00000006c1400000,0x00000006c1ec96a8,0x00000006c7b80000)
 Metaspace       used 34823K, capacity 35162K, committed 35456K, reserved 1081344K
  class space    used 4340K, capacity 4428K, committed 4480K, reserved 1048576K
Event: 7.191 GC heap after
Heap after GC invocations=9 (full 1):
 PSYoungGen      total 223232K, used 15866K [0x000000076b180000, 0x000000077aa00000, 0x00000007c0000000)
  eden space 207360K, 0% used [0x000000076b180000,0x000000076b180000,0x0000000777c00000)
  from space 15872K, 99% used [0x0000000778e00000,0x0000000779d7e8f8,0x0000000779d80000)
  to   space 18432K, 0% used [0x0000000777c00000,0x0000000777c00000,0x0000000778e00000)
 ParOldGen       total 105984K, used 11651K [0x00000006c1400000, 0x00000006c7b80000, 0x000000076b180000)
  object space 105984K, 10% used [0x00000006c1400000,0x00000006c1f60d50,0x00000006c7b80000)
 Metaspace       used 34823K, capacity 35162K, committed 35456K, reserved 1081344K
  class space    used 4340K, capacity 4428K, committed 4480K, reserved 1048576K
}
Event: 7.191 GC heap before
{Heap before GC invocations=10 (full 2):
 PSYoungGen      total 223232K, used 15866K [0x000000076b180000, 0x000000077aa00000, 0x00000007c0000000)
  eden space 207360K, 0% used [0x000000076b180000,0x000000076b180000,0x0000000777c00000)
  from space 15872K, 99% used [0x0000000778e00000,0x0000000779d7e8f8,0x0000000779d80000)
  to   space 18432K, 0% used [0x0000000777c00000,0x0000000777c00000,0x0000000778e00000)
 ParOldGen       total 105984K, used 11651K [0x00000006c1400000, 0x00000006c7b80000, 0x000000076b180000)
  object space 105984K, 10% used [0x00000006c1400000,0x00000006c1f60d50,0x00000006c7b80000)
 Metaspace       used 34823K, capacity 35162K, committed 35456K, reserved 1081344K
  class space    used 4340K, capacity 4428K, committed 4480K, reserved 1048576K
Event: 7.250 GC heap after
Heap after GC invocations=10 (full 2):
 PSYoungGen      total 223232K, used 0K [0x000000076b180000, 0x000000077aa00000, 0x00000007c0000000)
  eden space 207360K, 0% used [0x000000076b180000,0x000000076b180000,0x0000000777c00000)
  from space 15872K, 0% used [0x0000000778e00000,0x0000000778e00000,0x0000000779d80000)
  to   space 18432K, 0% used [0x0000000777c00000,0x0000000777c00000,0x0000000778e00000)
 ParOldGen       total 169984K, used 24135K [0x00000006c1400000, 0x00000006cba00000, 0x000000076b180000)
  object space 169984K, 14% used [0x00000006c1400000,0x00000006c2b91da0,0x00000006cba00000)
 Metaspace       used 34823K, capacity 35162K, committed 35456K, reserved 1081344K
  class space    used 4340K, capacity 4428K, committed 4480K, reserved 1048576K
}
Event: 59555.294 GC heap before
{Heap before GC invocations=11 (full 2):
 PSYoungGen      total 223232K, used 207360K [0x000000076b180000, 0x000000077aa00000, 0x00000007c0000000)
  eden space 207360K, 100% used [0x000000076b180000,0x0000000777c00000,0x0000000777c00000)
  from space 15872K, 0% used [0x0000000778e00000,0x0000000778e00000,0x0000000779d80000)
  to   space 18432K, 0% used [0x0000000777c00000,0x0000000777c00000,0x0000000778e00000)
 ParOldGen       total 169984K, used 24135K [0x00000006c1400000, 0x00000006cba00000, 0x000000076b180000)
  object space 169984K, 14% used [0x00000006c1400000,0x00000006c2b91da0,0x00000006cba00000)
 Metaspace       used 44232K, capacity 44670K, committed 45312K, reserved 1089536K
  class space    used 5451K, capacity 5573K, committed 5632K, reserved 1048576K
Event: 59555.307 GC heap after
Heap after GC invocations=11 (full 2):
 PSYoungGen      total 213504K, used 11701K [0x000000076b180000, 0x0000000779a80000, 0x00000007c0000000)
  eden space 201728K, 0% used [0x000000076b180000,0x000000076b180000,0x0000000777680000)
  from space 11776K, 99% used [0x0000000777c00000,0x000000077876d4b8,0x0000000778780000)
  to   space 18432K, 0% used [0x0000000778880000,0x0000000778880000,0x0000000779a80000)
 ParOldGen       total 169984K, used 24151K [0x00000006c1400000, 0x00000006cba00000, 0x000000076b180000)
  object space 169984K, 14% used [0x00000006c1400000,0x00000006c2b95da0,0x00000006cba00000)
 Metaspace       used 44232K, capacity 44670K, committed 45312K, reserved 1089536K
  class space    used 5451K, capacity 5573K, committed 5632K, reserved 1048576K
}

Deoptimization events (10 events):
Event: 7.706 Thread 0x0000000002ca7000 Uncommon trap: reason=unstable_if action=reinterpret pc=0x0000000003c1e71c method=java.lang.CharacterDataLatin1.digit(II)I @ 82
Event: 7.764 Thread 0x0000000002ca7000 Uncommon trap: reason=unstable_if action=reinterpret pc=0x00000000038f3950 method=org.springframework.asm.Type.getArgumentsAndReturnSizes(Ljava/lang/String;)I @ 47
Event: 7.764 Thread 0x0000000002ca7000 Uncommon trap: reason=unstable_if action=reinterpret pc=0x000000000309293c method=org.springframework.asm.Type.getArgumentsAndReturnSizes(Ljava/lang/String;)I @ 47
Event: 7.764 Thread 0x0000000002ca7000 Uncommon trap: reason=unstable_if action=reinterpret pc=0x0000000002fc7214 method=org.springframework.asm.MethodWriter.visitFrame(Lorg/springframework/asm/Frame;)V @ 100
Event: 7.822 Thread 0x0000000002ca7000 Uncommon trap: reason=bimorphic action=maybe_recompile pc=0x00000000035cb460 method=java.util.Hashtable.get(Ljava/lang/Object;)Ljava/lang/Object; @ 6
Event: 7.822 Thread 0x0000000002ca7000 Uncommon trap: reason=bimorphic action=maybe_recompile pc=0x00000000035cb460 method=java.util.Hashtable.get(Ljava/lang/Object;)Ljava/lang/Object; @ 6
Event: 22.907 Thread 0x000000002715d000 Uncommon trap: reason=unstable_if action=reinterpret pc=0x0000000003792e54 method=java.io.WinNTFileSystem.isLetter(C)Z @ 3
Event: 22.948 Thread 0x000000002715d000 Uncommon trap: reason=null_check action=make_not_entrant pc=0x0000000003db32f4 method=org.springframework.core.annotation.AnnotatedElementUtils.searchWithFindSemantics(Ljava/lang/reflect/AnnotatedElement;Ljava/lang/Class;Ljava/lang/String;Ljava/lang/Class
Event: 28.002 Thread 0x000000002715e800 Uncommon trap: reason=unstable_if action=reinterpret pc=0x00000000033f26c0 method=java.nio.Buffer.limit(I)Ljava/nio/Buffer; @ 33
Event: 37.755 Thread 0x0000000027169800 Uncommon trap: reason=unstable_if action=reinterpret pc=0x00000000032565d4 method=java.lang.CharacterDataLatin1.digit(II)I @ 82

Classes redefined (0 events):
No events

Internal exceptions (10 events):
Event: 83480.638 Thread 0x0000000027166800 Exception <a 'java/net/SocketTimeoutException': Read timed out> (0x0000000770e94f60) thrown at [C:\re\workspace\8-2-build-windows-amd64-cygwin\jdk8u181\11358\hotspot\src\share\vm\prims\jni.cpp, line 735]
Event: 83510.668 Thread 0x0000000027166800 Exception <a 'java/net/SocketTimeoutException': Read timed out> (0x0000000770e9ee38) thrown at [C:\re\workspace\8-2-build-windows-amd64-cygwin\jdk8u181\11358\hotspot\src\share\vm\prims\jni.cpp, line 735]
Event: 83540.698 Thread 0x0000000027166800 Exception <a 'java/net/SocketTimeoutException': Read timed out> (0x0000000770ea8d10) thrown at [C:\re\workspace\8-2-build-windows-amd64-cygwin\jdk8u181\11358\hotspot\src\share\vm\prims\jni.cpp, line 735]
Event: 83570.738 Thread 0x0000000027166800 Exception <a 'java/net/SocketTimeoutException': Read timed out> (0x0000000770eb2be8) thrown at [C:\re\workspace\8-2-build-windows-amd64-cygwin\jdk8u181\11358\hotspot\src\share\vm\prims\jni.cpp, line 735]
Event: 83600.778 Thread 0x0000000027166800 Exception <a 'java/net/SocketTimeoutException': Read timed out> (0x0000000770ebcac0) thrown at [C:\re\workspace\8-2-build-windows-amd64-cygwin\jdk8u181\11358\hotspot\src\share\vm\prims\jni.cpp, line 735]
Event: 83630.808 Thread 0x0000000027166800 Exception <a 'java/net/SocketTimeoutException': Read timed out> (0x0000000770ec6998) thrown at [C:\re\workspace\8-2-build-windows-amd64-cygwin\jdk8u181\11358\hotspot\src\share\vm\prims\jni.cpp, line 735]
Event: 83660.838 Thread 0x0000000027166800 Exception <a 'java/net/SocketTimeoutException': Read timed out> (0x0000000770ed0870) thrown at [C:\re\workspace\8-2-build-windows-amd64-cygwin\jdk8u181\11358\hotspot\src\share\vm\prims\jni.cpp, line 735]
Event: 83690.874 Thread 0x0000000027166800 Exception <a 'java/net/SocketTimeoutException': Read timed out> (0x0000000770eda748) thrown at [C:\re\workspace\8-2-build-windows-amd64-cygwin\jdk8u181\11358\hotspot\src\share\vm\prims\jni.cpp, line 735]
Event: 83720.876 Thread 0x0000000027166800 Exception <a 'java/net/SocketTimeoutException': Read timed out> (0x0000000770ee4620) thrown at [C:\re\workspace\8-2-build-windows-amd64-cygwin\jdk8u181\11358\hotspot\src\share\vm\prims\jni.cpp, line 735]
Event: 83750.902 Thread 0x0000000027166800 Exception <a 'java/net/SocketTimeoutException': Read timed out> (0x0000000770eee4f8) thrown at [C:\re\workspace\8-2-build-windows-amd64-cygwin\jdk8u181\11358\hotspot\src\share\vm\prims\jni.cpp, line 735]

Events (10 events):
Event: 83720.876 Executing VM operation: RevokeBias
Event: 83720.876 Executing VM operation: RevokeBias done
Event: 83750.886 Executing VM operation: RevokeBias
Event: 83750.886 Executing VM operation: RevokeBias done
Event: 83750.886 Executing VM operation: RevokeBias
Event: 83750.887 Executing VM operation: RevokeBias done
Event: 83750.887 Executing VM operation: RevokeBias
Event: 83750.887 Executing VM operation: RevokeBias done
Event: 83750.887 Executing VM operation: RevokeBias
Event: 83750.887 Executing VM operation: RevokeBias done


Dynamic libraries:
0x00007ff734180000 - 0x00007ff7341b7000 	D:\Java\jdk1.8.0_181\bin\java.exe
0x00007ffa76fc0000 - 0x00007ffa771a1000 	C:\WINDOWS\SYSTEM32\ntdll.dll
0x00007ffa76640000 - 0x00007ffa766f2000 	C:\WINDOWS\System32\KERNEL32.DLL
0x00007ffa73cb0000 - 0x00007ffa73f23000 	C:\WINDOWS\System32\KERNELBASE.dll
0x00007ffa76410000 - 0x00007ffa764b1000 	C:\WINDOWS\System32\ADVAPI32.dll
0x00007ffa747f0000 - 0x00007ffa7488e000 	C:\WINDOWS\System32\msvcrt.dll
0x00007ffa76870000 - 0x00007ffa768cb000 	C:\WINDOWS\System32\sechost.dll
0x00007ffa75f60000 - 0x00007ffa76084000 	C:\WINDOWS\System32\RPCRT4.dll
0x00007ffa75d20000 - 0x00007ffa75eb0000 	C:\WINDOWS\System32\USER32.dll
0x00007ffa73280000 - 0x00007ffa732a0000 	C:\WINDOWS\System32\win32u.dll
0x00007ffa746f0000 - 0x00007ffa74718000 	C:\WINDOWS\System32\GDI32.dll
0x00007ffa74100000 - 0x00007ffa74292000 	C:\WINDOWS\System32\gdi32full.dll
0x00007ffa73fe0000 - 0x00007ffa7407f000 	C:\WINDOWS\System32\msvcp_win.dll
0x00007ffa73090000 - 0x00007ffa7318a000 	C:\WINDOWS\System32\ucrtbase.dll
0x00007ffa6a2e0000 - 0x00007ffa6a549000 	C:\WINDOWS\WinSxS\amd64_microsoft.windows.common-controls_6595b64144ccf1df_6.0.17134.590_none_fb3d9bff3069e088\COMCTL32.dll
0x00007ffa768d0000 - 0x00007ffa76bf2000 	C:\WINDOWS\System32\combase.dll
0x00007ffa74080000 - 0x00007ffa740fa000 	C:\WINDOWS\System32\bcryptPrimitives.dll
0x00007ffa74890000 - 0x00007ffa748bd000 	C:\WINDOWS\System32\IMM32.DLL
0x00000000504a0000 - 0x0000000050572000 	D:\Java\jdk1.8.0_181\jre\bin\msvcr100.dll
0x00000000767d0000 - 0x0000000077072000 	D:\Java\jdk1.8.0_181\jre\bin\server\jvm.dll
0x00007ffa73250000 - 0x00007ffa73273000 	C:\WINDOWS\System32\WINMM.dll
0x00007ffa72ff0000 - 0x00007ffa7301a000 	C:\WINDOWS\System32\WINMMBASE.dll
0x00007ffa73550000 - 0x00007ffa73599000 	C:\WINDOWS\System32\cfgmgr32.dll
0x00007ffa76770000 - 0x00007ffa76778000 	C:\WINDOWS\System32\PSAPI.DLL
0x00007ffa71300000 - 0x00007ffa71309000 	C:\WINDOWS\SYSTEM32\WSOCK32.dll
0x00007ffa76700000 - 0x00007ffa7676c000 	C:\WINDOWS\System32\WS2_32.dll
0x00007ffa6e150000 - 0x00007ffa6e15a000 	C:\WINDOWS\SYSTEM32\VERSION.dll
0x0000000050490000 - 0x000000005049f000 	D:\Java\jdk1.8.0_181\jre\bin\verify.dll
0x0000000050460000 - 0x0000000050489000 	D:\Java\jdk1.8.0_181\jre\bin\java.dll
0x0000000050430000 - 0x0000000050453000 	D:\Java\jdk1.8.0_181\jre\bin\instrument.dll
0x0000000050410000 - 0x0000000050426000 	D:\Java\jdk1.8.0_181\jre\bin\zip.dll
0x00007ffa748e0000 - 0x00007ffa75d20000 	C:\WINDOWS\System32\SHELL32.dll
0x00007ffa75eb0000 - 0x00007ffa75f59000 	C:\WINDOWS\System32\shcore.dll
0x00007ffa735a0000 - 0x00007ffa73cad000 	C:\WINDOWS\System32\windows.storage.dll
0x00007ffa762b0000 - 0x00007ffa76301000 	C:\WINDOWS\System32\shlwapi.dll
0x00007ffa73050000 - 0x00007ffa73061000 	C:\WINDOWS\System32\kernel.appcore.dll
0x00007ffa73070000 - 0x00007ffa7308f000 	C:\WINDOWS\System32\profapi.dll
0x00007ffa731a0000 - 0x00007ffa731ec000 	C:\WINDOWS\System32\powrprof.dll
0x00007ffa73020000 - 0x00007ffa7302a000 	C:\WINDOWS\System32\FLTLIB.DLL
0x00007ffa65720000 - 0x00007ffa6573a000 	D:\installSoftw\IntelliJ IDEA Community Edition 2018.1.6\bin\breakgen64.dll
0x00000000503f0000 - 0x000000005040a000 	D:\Java\jdk1.8.0_181\jre\bin\net.dll
0x00007ffa72870000 - 0x00007ffa728d6000 	C:\WINDOWS\system32\mswsock.dll
0x00007ffa725f0000 - 0x00007ffa72628000 	C:\WINDOWS\SYSTEM32\IPHLPAPI.DLL
0x00007ffa76280000 - 0x00007ffa76288000 	C:\WINDOWS\System32\NSI.dll
0x00007ffa6d720000 - 0x00007ffa6d736000 	C:\WINDOWS\SYSTEM32\dhcpcsvc6.DLL
0x00007ffa6d640000 - 0x00007ffa6d65a000 	C:\WINDOWS\SYSTEM32\dhcpcsvc.DLL
0x00007ffa72630000 - 0x00007ffa726ee000 	C:\WINDOWS\SYSTEM32\DNSAPI.dll
0x00000000503c0000 - 0x00000000503cd000 	D:\Java\jdk1.8.0_181\jre\bin\management.dll
0x00007ffa60340000 - 0x00007ffa60356000 	C:\WINDOWS\system32\napinsp.dll
0x00007ffa60320000 - 0x00007ffa6033a000 	C:\WINDOWS\system32\pnrpnsp.dll
0x00007ffa6fa80000 - 0x00007ffa6fa99000 	C:\WINDOWS\system32\NLAapi.dll
0x00007ffa61470000 - 0x00007ffa6147e000 	C:\WINDOWS\System32\winrnr.dll
0x00007ffa6b1c0000 - 0x00007ffa6b1ca000 	C:\Windows\System32\rasadhlp.dll
0x00007ffa6b2b0000 - 0x00007ffa6b322000 	C:\WINDOWS\System32\fwpuclnt.dll
0x00007ffa72b50000 - 0x00007ffa72b75000 	C:\WINDOWS\SYSTEM32\bcrypt.dll
0x00000000503d0000 - 0x00000000503e1000 	D:\Java\jdk1.8.0_181\jre\bin\nio.dll
0x00007ffa72a20000 - 0x00007ffa72a37000 	C:\WINDOWS\SYSTEM32\CRYPTSP.dll
0x00007ffa72450000 - 0x00007ffa72483000 	C:\WINDOWS\system32\rsaenh.dll
0x00007ffa72f20000 - 0x00007ffa72f48000 	C:\WINDOWS\SYSTEM32\USERENV.dll
0x00007ffa72a40000 - 0x00007ffa72a4b000 	C:\WINDOWS\SYSTEM32\CRYPTBASE.dll
0x0000000050390000 - 0x00000000503b4000 	D:\Java\jdk1.8.0_181\jre\bin\sunec.dll

VM Arguments:
jvm_args: -javaagent:D:\installSoftw\IntelliJ IDEA Community Edition 2018.1.6\lib\idea_rt.jar=54215:D:\installSoftw\IntelliJ IDEA Community Edition 2018.1.6\bin -Dfile.encoding=UTF-8 
java_command: com.fxs.entry.EntryServiceApplication
java_class_path (initial): D:\Java\jdk1.8.0_181\jre\lib\charsets.jar;D:\Java\jdk1.8.0_181\jre\lib\deploy.jar;D:\Java\jdk1.8.0_181\jre\lib\ext\access-bridge-64.jar;D:\Java\jdk1.8.0_181\jre\lib\ext\cldrdata.jar;D:\Java\jdk1.8.0_181\jre\lib\ext\dnsns.jar;D:\Java\jdk1.8.0_181\jre\lib\ext\jaccess.jar;D:\Java\jdk1.8.0_181\jre\lib\ext\jfxrt.jar;D:\Java\jdk1.8.0_181\jre\lib\ext\localedata.jar;D:\Java\jdk1.8.0_181\jre\lib\ext\nashorn.jar;D:\Java\jdk1.8.0_181\jre\lib\ext\sunec.jar;D:\Java\jdk1.8.0_181\jre\lib\ext\sunjce_provider.jar;D:\Java\jdk1.8.0_181\jre\lib\ext\sunmscapi.jar;D:\Java\jdk1.8.0_181\jre\lib\ext\sunpkcs11.jar;D:\Java\jdk1.8.0_181\jre\lib\ext\zipfs.jar;D:\Java\jdk1.8.0_181\jre\lib\javaws.jar;D:\Java\jdk1.8.0_181\jre\lib\jce.jar;D:\Java\jdk1.8.0_181\jre\lib\jfr.jar;D:\Java\jdk1.8.0_181\jre\lib\jfxswt.jar;D:\Java\jdk1.8.0_181\jre\lib\jsse.jar;D:\Java\jdk1.8.0_181\jre\lib\management-agent.jar;D:\Java\jdk1.8.0_181\jre\lib\plugin.jar;D:\Java\jdk1.8.0_181\jre\lib\resources.jar;D:\Java\jdk1.8.0_181\jre\lib\rt.jar;D:\project\entry\target\classes;D:\apache-maven-3.5.4\repository\org\springframework\cloud\spring-cloud-starter-eureka\1.2.7.RELEASE\spring-cloud-starter-eureka-1.2.7.RELEASE.jar;D:\apache-maven-3.5.4\repository\org\springframework\cloud\spring-cloud-starter\1.1.9.RELEASE\spring-cloud-starter-1.1.9.RELEASE.jar;D:\apache-maven-3.5.4\repository\org\springframework\security\spring-security-rsa\1.0.3.RELEASE\spring-security-rsa-1.0.3.RELEASE.jar;D:\apache-maven-3.5.4\repository\org\bouncycastle\bcpkix-jdk15on\1.55\bcpkix-jdk15on-1.55.jar;D:\apache-maven-3.5.4\repository\org\bouncycastle\bcprov-jdk15on\1.55\bcprov-jdk15on-1.55.jar;D:\apache-maven-3.5.4\repository\org\springframework\cloud\spring-cloud-netflix-core\1.2.7.RELEASE\spring-cloud-netflix-core-1.2.7.RELEASE.jar;D:\apache-maven-3.5.4\repository\org\springframework\boot\spring-boot\1.4.6.RELEASE\spring-boot-1.4.6.RELEASE.jar;D:\apache-maven-3.5.4\repository\org\springframework\cloud\spring-cloud-netflix-
Launcher Type: SUN_STANDARD

Environment Variables:
JAVA_HOME=D:\Java\jdk1.8.0_181
CLASSPATH=.;D:\Java\jdk1.8.0_181\lib\dt.jar;D:\Java\jdk1.8.0_181\lib\tools.jar
PATH=C:\Program Files (x86)\Common Files\Oracle\Java\javapath;C:\WINDOWS\system32;C:\WINDOWS;C:\WINDOWS\System32\Wbem;C:\WINDOWS\System32\WindowsPowerShell\v1.0\;C:\Program Files (x86)\Common Files\microsoft shared\TigerKin;%JAVA_HOME\bin;D:\installSoftw\Git\cmd;D:\installSoftw\Git\mingw64\bin;D:\installSoftw\Git\usr\bin;D:\apache-maven-3.5.4\bin;;C:\WINDOWS\System32\OpenSSH\;C:\Users\mayn\AppData\Local\Microsoft\WindowsApps;
USERNAME=fengxs
OS=Windows_NT
PROCESSOR_IDENTIFIER=Intel64 Family 6 Model 158 Stepping 10, GenuineIntel



---------------  S Y S T E M  ---------------

OS: Windows 10.0 , 64 bit Build 17134 (10.0.17134.556)

CPU:total 12 (initial active 12) (6 cores per cpu, 2 threads per core) family 6 model 158 stepping 10, cmov, cx8, fxsr, mmx, sse, sse2, sse3, ssse3, sse4.1, sse4.2, popcnt, avx, avx2, aes, clmul, erms, rtm, 3dnowpref, lzcnt, ht, tsc, tscinvbit, bmi1, bmi2, adx

Memory: 4k page, physical 16692232k(9893556k free), swap 29696180k(1696k free)

vm_info: Java HotSpot(TM) 64-Bit Server VM (25.181-b13) for windows-amd64 JRE (1.8.0_181-b13), built on Jul  7 2018 04:01:33 by "java_re" with MS VC++ 10.0 (VS2010)

time: Sun Mar 10 21:00:09 2019
elapsed time: 83778 seconds (0d 23h 16m 18s)

